<?xml version="1.0" encoding="UTF-8"?>
<testng-results ignored="0" total="1" passed="1" failed="0" skipped="0">
  <reporter-output>
  </reporter-output>
  <suite started-at="2024-04-20T16:36:32 IST" name="Default suite" finished-at="2024-04-20T16:36:56 IST" duration-ms="23697">
    <groups>
    </groups>
    <test started-at="2024-04-20T16:36:32 IST" name="Default test" finished-at="2024-04-20T16:36:56 IST" duration-ms="23697">
      <class name="testcases.PaymentTest">
        <test-method is-config="true" signature="setUp()[pri:0, instance:testcases.PaymentTest@5dda768f]" started-at="2024-04-20T16:36:32 IST" name="setUp" finished-at="2024-04-20T16:36:41 IST" duration-ms="9199" status="PASS">
          <reporter-output>
          </reporter-output>
        </test-method> <!-- setUp -->
        <test-method signature="VerifyTestCourses()[pri:0, instance:testcases.PaymentTest@5dda768f]" started-at="2024-04-20T16:36:42 IST" name="VerifyTestCourses" finished-at="2024-04-20T16:36:56 IST" duration-ms="14427" status="PASS">
          <reporter-output>
          </reporter-output>
        </test-method> <!-- VerifyTestCourses -->
      </class> <!-- testcases.PaymentTest -->
    </test> <!-- Default test -->
  </suite> <!-- Default suite -->
</testng-results>
